Performing C++ SOURCE FILE Test CMAKE_HAVE_LIBC_PTHREAD failed with the following output:
Change Dir: /root/ClionProjects3/SoftwareArchitectureCLassApplication/cmake-build-debug/CMakeFiles/CMakeTmp

Run Build Command(s):/usr/bin/make -f Makefile cmTC_87495/fast && /usr/bin/make  -f CMakeFiles/cmTC_87495.dir/build.make CMakeFiles/cmTC_87495.dir/build
make[1]: Entering directory '/root/ClionProjects3/SoftwareArchitectureCLassApplication/cmake-build-debug/CMakeFiles/CMakeTmp'
Building CXX object CMakeFiles/cmTC_87495.dir/src.cxx.o
/usr/bin/c++ -DCMAKE_HAVE_LIBC_PTHREAD   -o CMakeFiles/cmTC_87495.dir/src.cxx.o -c /root/ClionProjects3/SoftwareArchitectureCLassApplication/cmake-build-debug/CMakeFiles/CMakeTmp/src.cxx
Linking CXX executable cmTC_87495
/root/clion-2022.1/bin/cmake/linux/bin/cmake -E cmake_link_script CMakeFiles/cmTC_87495.dir/link.txt --verbose=1
/usr/bin/c++ -rdynamic CMakeFiles/cmTC_87495.dir/src.cxx.o -o cmTC_87495 
/usr/bin/ld: CMakeFiles/cmTC_87495.dir/src.cxx.o: in function `main':
src.cxx:(.text+0x46): undefined reference to `pthread_create'
/usr/bin/ld: src.cxx:(.text+0x52): undefined reference to `pthread_detach'
/usr/bin/ld: src.cxx:(.text+0x5e): undefined reference to `pthread_cancel'
/usr/bin/ld: src.cxx:(.text+0x6f): undefined reference to `pthread_join'
collect2: error: ld returned 1 exit status
make[1]: *** [CMakeFiles/cmTC_87495.dir/build.make:99: cmTC_87495] Error 1
make[1]: Leaving directory '/root/ClionProjects3/SoftwareArchitectureCLassApplication/cmake-build-debug/CMakeFiles/CMakeTmp'
make: *** [Makefile:127: cmTC_87495/fast] Error 2


Source file was:
#include <pthread.h>

static void* test_func(void* data)
{
  return data;
}

int main(void)
{
  pthread_t thread;
  pthread_create(&thread, NULL, test_func, NULL);
  pthread_detach(thread);
  pthread_cancel(thread);
  pthread_join(thread, NULL);
  pthread_atfork(NULL, NULL, NULL);
  pthread_exit(NULL);

  return 0;
}

Determining if the function pthread_create exists in the pthreads failed with the following output:
Change Dir: /root/ClionProjects3/SoftwareArchitectureCLassApplication/cmake-build-debug/CMakeFiles/CMakeTmp

Run Build Command(s):/usr/bin/make -f Makefile cmTC_7bb77/fast && /usr/bin/make  -f CMakeFiles/cmTC_7bb77.dir/build.make CMakeFiles/cmTC_7bb77.dir/build
make[1]: Entering directory '/root/ClionProjects3/SoftwareArchitectureCLassApplication/cmake-build-debug/CMakeFiles/CMakeTmp'
Building CXX object CMakeFiles/cmTC_7bb77.dir/CheckFunctionExists.cxx.o
/usr/bin/c++   -DCHECK_FUNCTION_EXISTS=pthread_create -o CMakeFiles/cmTC_7bb77.dir/CheckFunctionExists.cxx.o -c /root/ClionProjects3/SoftwareArchitectureCLassApplication/cmake-build-debug/CMakeFiles/CheckLibraryExists/CheckFunctionExists.cxx
Linking CXX executable cmTC_7bb77
/root/clion-2022.1/bin/cmake/linux/bin/cmake -E cmake_link_script CMakeFiles/cmTC_7bb77.dir/link.txt --verbose=1
/usr/bin/c++  -DCHECK_FUNCTION_EXISTS=pthread_create -rdynamic CMakeFiles/cmTC_7bb77.dir/CheckFunctionExists.cxx.o -o cmTC_7bb77  -lpthreads 
/usr/bin/ld: cannot find -lpthreads
collect2: error: ld returned 1 exit status
make[1]: *** [CMakeFiles/cmTC_7bb77.dir/build.make:99: cmTC_7bb77] Error 1
make[1]: Leaving directory '/root/ClionProjects3/SoftwareArchitectureCLassApplication/cmake-build-debug/CMakeFiles/CMakeTmp'
make: *** [Makefile:127: cmTC_7bb77/fast] Error 2



